<?xml version="1.0" encoding="UTF-8"?>
<testsuite xmlns:xsi="http://www.w3.org/2001/XMLSchema-instance" xsi:noNamespaceSchemaLocation="https://maven.apache.org/surefire/maven-surefire-plugin/xsd/surefire-test-report-3.0.xsd" version="3.0" name="com.lambdas.AppTest" time="0.032" tests="1" errors="0" skipped="0" failures="0">
  <properties>
    <property name="java.specification.version" value="21"/>
    <property name="sun.cpu.isalist" value="amd64"/>
    <property name="sun.jnu.encoding" value="Cp1252"/>
    <property name="java.class.path" value="C:\Users\yurge\Documents\JOBS\INNOVARYX\Trabajo actual\Programating\innoobra-backend\lambda-java\company\target\test-classes;C:\Users\yurge\Documents\JOBS\INNOVARYX\Trabajo actual\Programating\innoobra-backend\lambda-java\company\target\classes;C:\Users\yurge\Documents\JOBS\INNOVARYX\Trabajo actual\Programating\innoobra-backend\lambda-java\common\target\common-1.0-SNAPSHOT.jar;C:\Users\yurge\.m2\repository\software\amazon\awssdk\secretsmanager\2.25.34\secretsmanager-2.25.34.jar;C:\Users\yurge\.m2\repository\software\amazon\awssdk\aws-json-protocol\2.25.34\aws-json-protocol-2.25.34.jar;C:\Users\yurge\.m2\repository\software\amazon\awssdk\third-party-jackson-core\2.25.34\third-party-jackson-core-2.25.34.jar;C:\Users\yurge\.m2\repository\software\amazon\awssdk\protocol-core\2.25.34\protocol-core-2.25.34.jar;C:\Users\yurge\.m2\repository\software\amazon\awssdk\http-auth-aws\2.25.34\http-auth-aws-2.25.34.jar;C:\Users\yurge\.m2\repository\software\amazon\awssdk\checksums-spi\2.25.34\checksums-spi-2.25.34.jar;C:\Users\yurge\.m2\repository\software\amazon\awssdk\checksums\2.25.34\checksums-2.25.34.jar;C:\Users\yurge\.m2\repository\software\amazon\awssdk\sdk-core\2.25.34\sdk-core-2.25.34.jar;C:\Users\yurge\.m2\repository\software\amazon\awssdk\profiles\2.25.34\profiles-2.25.34.jar;C:\Users\yurge\.m2\repository\org\reactivestreams\reactive-streams\1.0.4\reactive-streams-1.0.4.jar;C:\Users\yurge\.m2\repository\software\amazon\awssdk\auth\2.25.34\auth-2.25.34.jar;C:\Users\yurge\.m2\repository\software\amazon\eventstream\eventstream\1.0.1\eventstream-1.0.1.jar;C:\Users\yurge\.m2\repository\software\amazon\awssdk\http-auth-spi\2.25.34\http-auth-spi-2.25.34.jar;C:\Users\yurge\.m2\repository\software\amazon\awssdk\http-auth\2.25.34\http-auth-2.25.34.jar;C:\Users\yurge\.m2\repository\software\amazon\awssdk\identity-spi\2.25.34\identity-spi-2.25.34.jar;C:\Users\yurge\.m2\repository\software\amazon\awssdk\http-client-spi\2.25.34\http-client-spi-2.25.34.jar;C:\Users\yurge\.m2\repository\software\amazon\awssdk\regions\2.25.34\regions-2.25.34.jar;C:\Users\yurge\.m2\repository\software\amazon\awssdk\annotations\2.25.34\annotations-2.25.34.jar;C:\Users\yurge\.m2\repository\software\amazon\awssdk\utils\2.25.34\utils-2.25.34.jar;C:\Users\yurge\.m2\repository\software\amazon\awssdk\aws-core\2.25.34\aws-core-2.25.34.jar;C:\Users\yurge\.m2\repository\software\amazon\awssdk\metrics-spi\2.25.34\metrics-spi-2.25.34.jar;C:\Users\yurge\.m2\repository\software\amazon\awssdk\json-utils\2.25.34\json-utils-2.25.34.jar;C:\Users\yurge\.m2\repository\software\amazon\awssdk\endpoints-spi\2.25.34\endpoints-spi-2.25.34.jar;C:\Users\yurge\.m2\repository\software\amazon\awssdk\apache-client\2.25.34\apache-client-2.25.34.jar;C:\Users\yurge\.m2\repository\org\apache\httpcomponents\httpclient\4.5.13\httpclient-4.5.13.jar;C:\Users\yurge\.m2\repository\commons-logging\commons-logging\1.2\commons-logging-1.2.jar;C:\Users\yurge\.m2\repository\org\apache\httpcomponents\httpcore\4.4.13\httpcore-4.4.13.jar;C:\Users\yurge\.m2\repository\commons-codec\commons-codec\1.15\commons-codec-1.15.jar;C:\Users\yurge\.m2\repository\software\amazon\awssdk\netty-nio-client\2.25.34\netty-nio-client-2.25.34.jar;C:\Users\yurge\.m2\repository\io\netty\netty-codec-http\4.1.108.Final\netty-codec-http-4.1.108.Final.jar;C:\Users\yurge\.m2\repository\io\netty\netty-codec-http2\4.1.108.Final\netty-codec-http2-4.1.108.Final.jar;C:\Users\yurge\.m2\repository\io\netty\netty-codec\4.1.108.Final\netty-codec-4.1.108.Final.jar;C:\Users\yurge\.m2\repository\io\netty\netty-transport\4.1.108.Final\netty-transport-4.1.108.Final.jar;C:\Users\yurge\.m2\repository\io\netty\netty-common\4.1.108.Final\netty-common-4.1.108.Final.jar;C:\Users\yurge\.m2\repository\io\netty\netty-buffer\4.1.108.Final\netty-buffer-4.1.108.Final.jar;C:\Users\yurge\.m2\repository\io\netty\netty-handler\4.1.108.Final\netty-handler-4.1.108.Final.jar;C:\Users\yurge\.m2\repository\io\netty\netty-transport-native-unix-common\4.1.108.Final\netty-transport-native-unix-common-4.1.108.Final.jar;C:\Users\yurge\.m2\repository\io\netty\netty-transport-classes-epoll\4.1.108.Final\netty-transport-classes-epoll-4.1.108.Final.jar;C:\Users\yurge\.m2\repository\io\netty\netty-resolver\4.1.108.Final\netty-resolver-4.1.108.Final.jar;C:\Users\yurge\.m2\repository\software\amazon\awssdk\ssm\2.25.34\ssm-2.25.34.jar;C:\Users\yurge\.m2\repository\com\amazonaws\aws-lambda-java-core\1.2.3\aws-lambda-java-core-1.2.3.jar;C:\Users\yurge\.m2\repository\com\amazonaws\aws-lambda-java-events\3.11.4\aws-lambda-java-events-3.11.4.jar;C:\Users\yurge\.m2\repository\joda-time\joda-time\2.10.8\joda-time-2.10.8.jar;C:\Users\yurge\.m2\repository\com\fasterxml\jackson\core\jackson-core\2.17.0\jackson-core-2.17.0.jar;C:\Users\yurge\.m2\repository\com\fasterxml\jackson\core\jackson-databind\2.17.0\jackson-databind-2.17.0.jar;C:\Users\yurge\.m2\repository\net\bytebuddy\byte-buddy\1.14.9\byte-buddy-1.14.9.jar;C:\Users\yurge\.m2\repository\com\fasterxml\jackson\core\jackson-annotations\2.17.0\jackson-annotations-2.17.0.jar;C:\Users\yurge\.m2\repository\com\fasterxml\jackson\datatype\jackson-datatype-jsr310\2.17.0\jackson-datatype-jsr310-2.17.0.jar;C:\Users\yurge\.m2\repository\org\hibernate\validator\hibernate-validator\8.0.1.Final\hibernate-validator-8.0.1.Final.jar;C:\Users\yurge\.m2\repository\org\jboss\logging\jboss-logging\3.4.3.Final\jboss-logging-3.4.3.Final.jar;C:\Users\yurge\.m2\repository\com\fasterxml\classmate\1.5.1\classmate-1.5.1.jar;C:\Users\yurge\.m2\repository\jakarta\validation\jakarta.validation-api\3.0.2\jakarta.validation-api-3.0.2.jar;C:\Users\yurge\.m2\repository\org\glassfish\jakarta.el\4.0.2\jakarta.el-4.0.2.jar;C:\Users\yurge\.m2\repository\jakarta\el\jakarta.el-api\4.0.0\jakarta.el-api-4.0.0.jar;C:\Users\yurge\.m2\repository\org\slf4j\slf4j-api\2.0.13\slf4j-api-2.0.13.jar;C:\Users\yurge\.m2\repository\ch\qos\logback\logback-classic\1.4.14\logback-classic-1.4.14.jar;C:\Users\yurge\.m2\repository\ch\qos\logback\logback-core\1.4.14\logback-core-1.4.14.jar;C:\Users\yurge\.m2\repository\org\postgresql\postgresql\42.7.3\postgresql-42.7.3.jar;C:\Users\yurge\.m2\repository\org\checkerframework\checker-qual\3.42.0\checker-qual-3.42.0.jar;C:\Users\yurge\.m2\repository\com\zaxxer\HikariCP\5.1.0\HikariCP-5.1.0.jar;C:\Users\yurge\.m2\repository\org\junit\jupiter\junit-jupiter\5.10.1\junit-jupiter-5.10.1.jar;C:\Users\yurge\.m2\repository\org\junit\jupiter\junit-jupiter-api\5.10.1\junit-jupiter-api-5.10.1.jar;C:\Users\yurge\.m2\repository\org\opentest4j\opentest4j\1.3.0\opentest4j-1.3.0.jar;C:\Users\yurge\.m2\repository\org\junit\platform\junit-platform-commons\1.10.1\junit-platform-commons-1.10.1.jar;C:\Users\yurge\.m2\repository\org\apiguardian\apiguardian-api\1.1.2\apiguardian-api-1.1.2.jar;C:\Users\yurge\.m2\repository\org\junit\jupiter\junit-jupiter-params\5.10.1\junit-jupiter-params-5.10.1.jar;C:\Users\yurge\.m2\repository\org\junit\jupiter\junit-jupiter-engine\5.10.1\junit-jupiter-engine-5.10.1.jar;C:\Users\yurge\.m2\repository\org\junit\platform\junit-platform-engine\1.10.1\junit-platform-engine-1.10.1.jar;C:\Users\yurge\.m2\repository\org\mockito\mockito-core\5.7.0\mockito-core-5.7.0.jar;C:\Users\yurge\.m2\repository\net\bytebuddy\byte-buddy-agent\1.14.9\byte-buddy-agent-1.14.9.jar;C:\Users\yurge\.m2\repository\org\objenesis\objenesis\3.3\objenesis-3.3.jar;C:\Users\yurge\.m2\repository\org\mockito\mockito-junit-jupiter\5.7.0\mockito-junit-jupiter-5.7.0.jar;C:\Users\yurge\.m2\repository\com\amazonaws\aws-lambda-java-tests\1.1.1\aws-lambda-java-tests-1.1.1.jar;C:\Users\yurge\.m2\repository\com\amazonaws\aws-lambda-java-serialization\1.0.0\aws-lambda-java-serialization-1.0.0.jar;C:\Users\yurge\.m2\repository\org\apache\commons\commons-lang3\3.11\commons-lang3-3.11.jar;C:\Users\yurge\.m2\repository\org\assertj\assertj-core\3.24.2\assertj-core-3.24.2.jar;"/>
    <property name="java.vm.vendor" value="Oracle Corporation"/>
    <property name="sun.arch.data.model" value="64"/>
    <property name="user.variant" value=""/>
    <property name="java.vendor.url" value="https://java.oracle.com/"/>
    <property name="user.timezone" value="America/Bogota"/>
    <property name="os.name" value="Windows 11"/>
    <property name="java.vm.specification.version" value="21"/>
    <property name="sun.java.launcher" value="SUN_STANDARD"/>
    <property name="user.country" value="CO"/>
    <property name="sun.boot.library.path" value="C:\Program Files\Java\jdk-21\bin"/>
    <property name="sun.java.command" value="C:\Users\yurge\AppData\Local\Temp\surefire12160027084352804654\surefirebooter-20250718232349899_6.jar C:\Users\yurge\AppData\Local\Temp\surefire12160027084352804654 2025-07-18T23-23-46_234-jvmRun1 surefire-20250718232349899_4tmp surefire_1-20250718232349899_5tmp"/>
    <property name="jdk.debug" value="release"/>
    <property name="surefire.test.class.path" value="C:\Users\yurge\Documents\JOBS\INNOVARYX\Trabajo actual\Programating\innoobra-backend\lambda-java\company\target\test-classes;C:\Users\yurge\Documents\JOBS\INNOVARYX\Trabajo actual\Programating\innoobra-backend\lambda-java\company\target\classes;C:\Users\yurge\Documents\JOBS\INNOVARYX\Trabajo actual\Programating\innoobra-backend\lambda-java\common\target\common-1.0-SNAPSHOT.jar;C:\Users\yurge\.m2\repository\software\amazon\awssdk\secretsmanager\2.25.34\secretsmanager-2.25.34.jar;C:\Users\yurge\.m2\repository\software\amazon\awssdk\aws-json-protocol\2.25.34\aws-json-protocol-2.25.34.jar;C:\Users\yurge\.m2\repository\software\amazon\awssdk\third-party-jackson-core\2.25.34\third-party-jackson-core-2.25.34.jar;C:\Users\yurge\.m2\repository\software\amazon\awssdk\protocol-core\2.25.34\protocol-core-2.25.34.jar;C:\Users\yurge\.m2\repository\software\amazon\awssdk\http-auth-aws\2.25.34\http-auth-aws-2.25.34.jar;C:\Users\yurge\.m2\repository\software\amazon\awssdk\checksums-spi\2.25.34\checksums-spi-2.25.34.jar;C:\Users\yurge\.m2\repository\software\amazon\awssdk\checksums\2.25.34\checksums-2.25.34.jar;C:\Users\yurge\.m2\repository\software\amazon\awssdk\sdk-core\2.25.34\sdk-core-2.25.34.jar;C:\Users\yurge\.m2\repository\software\amazon\awssdk\profiles\2.25.34\profiles-2.25.34.jar;C:\Users\yurge\.m2\repository\org\reactivestreams\reactive-streams\1.0.4\reactive-streams-1.0.4.jar;C:\Users\yurge\.m2\repository\software\amazon\awssdk\auth\2.25.34\auth-2.25.34.jar;C:\Users\yurge\.m2\repository\software\amazon\eventstream\eventstream\1.0.1\eventstream-1.0.1.jar;C:\Users\yurge\.m2\repository\software\amazon\awssdk\http-auth-spi\2.25.34\http-auth-spi-2.25.34.jar;C:\Users\yurge\.m2\repository\software\amazon\awssdk\http-auth\2.25.34\http-auth-2.25.34.jar;C:\Users\yurge\.m2\repository\software\amazon\awssdk\identity-spi\2.25.34\identity-spi-2.25.34.jar;C:\Users\yurge\.m2\repository\software\amazon\awssdk\http-client-spi\2.25.34\http-client-spi-2.25.34.jar;C:\Users\yurge\.m2\repository\software\amazon\awssdk\regions\2.25.34\regions-2.25.34.jar;C:\Users\yurge\.m2\repository\software\amazon\awssdk\annotations\2.25.34\annotations-2.25.34.jar;C:\Users\yurge\.m2\repository\software\amazon\awssdk\utils\2.25.34\utils-2.25.34.jar;C:\Users\yurge\.m2\repository\software\amazon\awssdk\aws-core\2.25.34\aws-core-2.25.34.jar;C:\Users\yurge\.m2\repository\software\amazon\awssdk\metrics-spi\2.25.34\metrics-spi-2.25.34.jar;C:\Users\yurge\.m2\repository\software\amazon\awssdk\json-utils\2.25.34\json-utils-2.25.34.jar;C:\Users\yurge\.m2\repository\software\amazon\awssdk\endpoints-spi\2.25.34\endpoints-spi-2.25.34.jar;C:\Users\yurge\.m2\repository\software\amazon\awssdk\apache-client\2.25.34\apache-client-2.25.34.jar;C:\Users\yurge\.m2\repository\org\apache\httpcomponents\httpclient\4.5.13\httpclient-4.5.13.jar;C:\Users\yurge\.m2\repository\commons-logging\commons-logging\1.2\commons-logging-1.2.jar;C:\Users\yurge\.m2\repository\org\apache\httpcomponents\httpcore\4.4.13\httpcore-4.4.13.jar;C:\Users\yurge\.m2\repository\commons-codec\commons-codec\1.15\commons-codec-1.15.jar;C:\Users\yurge\.m2\repository\software\amazon\awssdk\netty-nio-client\2.25.34\netty-nio-client-2.25.34.jar;C:\Users\yurge\.m2\repository\io\netty\netty-codec-http\4.1.108.Final\netty-codec-http-4.1.108.Final.jar;C:\Users\yurge\.m2\repository\io\netty\netty-codec-http2\4.1.108.Final\netty-codec-http2-4.1.108.Final.jar;C:\Users\yurge\.m2\repository\io\netty\netty-codec\4.1.108.Final\netty-codec-4.1.108.Final.jar;C:\Users\yurge\.m2\repository\io\netty\netty-transport\4.1.108.Final\netty-transport-4.1.108.Final.jar;C:\Users\yurge\.m2\repository\io\netty\netty-common\4.1.108.Final\netty-common-4.1.108.Final.jar;C:\Users\yurge\.m2\repository\io\netty\netty-buffer\4.1.108.Final\netty-buffer-4.1.108.Final.jar;C:\Users\yurge\.m2\repository\io\netty\netty-handler\4.1.108.Final\netty-handler-4.1.108.Final.jar;C:\Users\yurge\.m2\repository\io\netty\netty-transport-native-unix-common\4.1.108.Final\netty-transport-native-unix-common-4.1.108.Final.jar;C:\Users\yurge\.m2\repository\io\netty\netty-transport-classes-epoll\4.1.108.Final\netty-transport-classes-epoll-4.1.108.Final.jar;C:\Users\yurge\.m2\repository\io\netty\netty-resolver\4.1.108.Final\netty-resolver-4.1.108.Final.jar;C:\Users\yurge\.m2\repository\software\amazon\awssdk\ssm\2.25.34\ssm-2.25.34.jar;C:\Users\yurge\.m2\repository\com\amazonaws\aws-lambda-java-core\1.2.3\aws-lambda-java-core-1.2.3.jar;C:\Users\yurge\.m2\repository\com\amazonaws\aws-lambda-java-events\3.11.4\aws-lambda-java-events-3.11.4.jar;C:\Users\yurge\.m2\repository\joda-time\joda-time\2.10.8\joda-time-2.10.8.jar;C:\Users\yurge\.m2\repository\com\fasterxml\jackson\core\jackson-core\2.17.0\jackson-core-2.17.0.jar;C:\Users\yurge\.m2\repository\com\fasterxml\jackson\core\jackson-databind\2.17.0\jackson-databind-2.17.0.jar;C:\Users\yurge\.m2\repository\net\bytebuddy\byte-buddy\1.14.9\byte-buddy-1.14.9.jar;C:\Users\yurge\.m2\repository\com\fasterxml\jackson\core\jackson-annotations\2.17.0\jackson-annotations-2.17.0.jar;C:\Users\yurge\.m2\repository\com\fasterxml\jackson\datatype\jackson-datatype-jsr310\2.17.0\jackson-datatype-jsr310-2.17.0.jar;C:\Users\yurge\.m2\repository\org\hibernate\validator\hibernate-validator\8.0.1.Final\hibernate-validator-8.0.1.Final.jar;C:\Users\yurge\.m2\repository\org\jboss\logging\jboss-logging\3.4.3.Final\jboss-logging-3.4.3.Final.jar;C:\Users\yurge\.m2\repository\com\fasterxml\classmate\1.5.1\classmate-1.5.1.jar;C:\Users\yurge\.m2\repository\jakarta\validation\jakarta.validation-api\3.0.2\jakarta.validation-api-3.0.2.jar;C:\Users\yurge\.m2\repository\org\glassfish\jakarta.el\4.0.2\jakarta.el-4.0.2.jar;C:\Users\yurge\.m2\repository\jakarta\el\jakarta.el-api\4.0.0\jakarta.el-api-4.0.0.jar;C:\Users\yurge\.m2\repository\org\slf4j\slf4j-api\2.0.13\slf4j-api-2.0.13.jar;C:\Users\yurge\.m2\repository\ch\qos\logback\logback-classic\1.4.14\logback-classic-1.4.14.jar;C:\Users\yurge\.m2\repository\ch\qos\logback\logback-core\1.4.14\logback-core-1.4.14.jar;C:\Users\yurge\.m2\repository\org\postgresql\postgresql\42.7.3\postgresql-42.7.3.jar;C:\Users\yurge\.m2\repository\org\checkerframework\checker-qual\3.42.0\checker-qual-3.42.0.jar;C:\Users\yurge\.m2\repository\com\zaxxer\HikariCP\5.1.0\HikariCP-5.1.0.jar;C:\Users\yurge\.m2\repository\org\junit\jupiter\junit-jupiter\5.10.1\junit-jupiter-5.10.1.jar;C:\Users\yurge\.m2\repository\org\junit\jupiter\junit-jupiter-api\5.10.1\junit-jupiter-api-5.10.1.jar;C:\Users\yurge\.m2\repository\org\opentest4j\opentest4j\1.3.0\opentest4j-1.3.0.jar;C:\Users\yurge\.m2\repository\org\junit\platform\junit-platform-commons\1.10.1\junit-platform-commons-1.10.1.jar;C:\Users\yurge\.m2\repository\org\apiguardian\apiguardian-api\1.1.2\apiguardian-api-1.1.2.jar;C:\Users\yurge\.m2\repository\org\junit\jupiter\junit-jupiter-params\5.10.1\junit-jupiter-params-5.10.1.jar;C:\Users\yurge\.m2\repository\org\junit\jupiter\junit-jupiter-engine\5.10.1\junit-jupiter-engine-5.10.1.jar;C:\Users\yurge\.m2\repository\org\junit\platform\junit-platform-engine\1.10.1\junit-platform-engine-1.10.1.jar;C:\Users\yurge\.m2\repository\org\mockito\mockito-core\5.7.0\mockito-core-5.7.0.jar;C:\Users\yurge\.m2\repository\net\bytebuddy\byte-buddy-agent\1.14.9\byte-buddy-agent-1.14.9.jar;C:\Users\yurge\.m2\repository\org\objenesis\objenesis\3.3\objenesis-3.3.jar;C:\Users\yurge\.m2\repository\org\mockito\mockito-junit-jupiter\5.7.0\mockito-junit-jupiter-5.7.0.jar;C:\Users\yurge\.m2\repository\com\amazonaws\aws-lambda-java-tests\1.1.1\aws-lambda-java-tests-1.1.1.jar;C:\Users\yurge\.m2\repository\com\amazonaws\aws-lambda-java-serialization\1.0.0\aws-lambda-java-serialization-1.0.0.jar;C:\Users\yurge\.m2\repository\org\apache\commons\commons-lang3\3.11\commons-lang3-3.11.jar;C:\Users\yurge\.m2\repository\org\assertj\assertj-core\3.24.2\assertj-core-3.24.2.jar;"/>
    <property name="sun.cpu.endian" value="little"/>
    <property name="user.home" value="C:\Users\yurge"/>
    <property name="user.language" value="es"/>
    <property name="java.specification.vendor" value="Oracle Corporation"/>
    <property name="java.version.date" value="2025-01-21"/>
    <property name="java.home" value="C:\Program Files\Java\jdk-21"/>
    <property name="file.separator" value="\"/>
    <property name="basedir" value="C:\Users\yurge\Documents\JOBS\INNOVARYX\Trabajo actual\Programating\innoobra-backend\lambda-java\company"/>
    <property name="java.vm.compressedOopsMode" value="Zero based"/>
    <property name="line.separator" value="&#10;"/>
    <property name="java.vm.specification.vendor" value="Oracle Corporation"/>
    <property name="java.specification.name" value="Java Platform API Specification"/>
    <property name="surefire.real.class.path" value="C:\Users\yurge\AppData\Local\Temp\surefire12160027084352804654\surefirebooter-20250718232349899_6.jar"/>
    <property name="user.script" value=""/>
    <property name="sun.management.compiler" value="HotSpot 64-Bit Tiered Compilers"/>
    <property name="java.runtime.version" value="21.0.6+8-LTS-188"/>
    <property name="user.name" value="yurge"/>
    <property name="stdout.encoding" value="Cp1252"/>
    <property name="path.separator" value=";"/>
    <property name="os.version" value="10.0"/>
    <property name="java.runtime.name" value="Java(TM) SE Runtime Environment"/>
    <property name="file.encoding" value="UTF-8"/>
    <property name="java.vm.name" value="Java HotSpot(TM) 64-Bit Server VM"/>
    <property name="localRepository" value="C:\Users\yurge\.m2\repository"/>
    <property name="java.vendor.url.bug" value="https://bugreport.java.com/bugreport/"/>
    <property name="java.io.tmpdir" value="C:\Users\yurge\AppData\Local\Temp\"/>
    <property name="java.version" value="21.0.6"/>
    <property name="user.dir" value="C:\Users\yurge\Documents\JOBS\INNOVARYX\Trabajo actual\Programating\innoobra-backend\lambda-java\company"/>
    <property name="os.arch" value="amd64"/>
    <property name="java.vm.specification.name" value="Java Virtual Machine Specification"/>
    <property name="sun.os.patch.level" value=""/>
    <property name="native.encoding" value="Cp1252"/>
    <property name="java.library.path" value="C:\Program Files\Java\jdk-21\bin;C:\WINDOWS\Sun\Java\bin;C:\WINDOWS\system32;C:\WINDOWS;C:\Program Files\Common Files\Oracle\Java\javapath;C:\WINDOWS\system32;C:\WINDOWS;C:\WINDOWS\System32\Wbem;C:\WINDOWS\System32\WindowsPowerShell\v1.0\;C:\WINDOWS\System32\OpenSSH\;C:\Program Files\NVIDIA Corporation\NVIDIA App\NvDLISR;C:\Program Files\dotnet\;C:\Program Files (x86)\NVIDIA Corporation\PhysX\Common;C:\Program Files\nodejs\;C:\Program Files\Git\cmd;C:\Program Files\Amazon\AWSCLIV2\;C:\ProgramData\chocolatey\bin;C:\Program Files\Amazon\AWSSAMCLI\bin\;C:\Program Files\Docker\Docker\resources\bin;C:\Users\yurge\AppData\Local\Microsoft\WindowsApps;C:\Program Files (x86)\Steam\steamapps\common\DSX\Main_v3_Beta\;C:\Program Files (x86)\Steam\steamapps\common\DSX\Main_v3_Beta\Console\;C:\Users\yurge\Documents\JAVA_JDK\jdk-17.0.0.1\bin;C:\Users\yurge\AppData\Local\Programs\Microsoft VS Code\bin;C:\Users\yurge\AppData\Roaming\npm;C:\Users\yurge\Documents\MAVEN\apache-maven-3.9.10\bin;C:\Program Files\Terraform;C:\Users\yurge\AppData\Local\GitHubDesktop\bin;C:\Program Files\Java\jdk-21\bin;;."/>
    <property name="java.vm.info" value="mixed mode, sharing"/>
    <property name="stderr.encoding" value="Cp1252"/>
    <property name="java.vendor" value="Oracle Corporation"/>
    <property name="java.vm.version" value="21.0.6+8-LTS-188"/>
    <property name="sun.io.unicode.encoding" value="UnicodeLittle"/>
    <property name="java.class.version" value="65.0"/>
  </properties>
  <testcase name="shouldAnswerWithTrue" classname="com.lambdas.AppTest" time="0.015"/>
</testsuite>